<?xml version="1.0" encoding="UTF-8"?>
<testsuite name="test_one" tests="3" skipped="0" failures="1" errors="0" timestamp="2026-02-17T13:38:37.309Z" hostname="WIN-ITVORVR452R" time="8.898">
  <properties/>
  <testcase name="checkPracticeFormTest()" classname="test_one" time="3.221"/>
  <testcase name="simpleTest()" classname="test_one" time="1.179"/>
  <testcase name="successfulFillFormTest()" classname="test_one" time="4.497">
    <failure message="Element not found {#firstName}&#13;&#10;Expected: editable&#13;&#10;Screenshot: file:/C:/Users/user/IdeaProjects/homework/build/reports/tests/1771335525970.0.png&#13;&#10;Page source: file:/C:/Users/user/IdeaProjects/homework/build/reports/tests/1771335525970.0.html&#13;&#10;Timeout: 4s&#13;&#10;Caused by: NoSuchElementException: no such element: Unable to locate element: {&quot;method&quot;:&quot;css selector&quot;,&quot;selector&quot;:&quot;#firstName&quot;}" type="com.codeborne.selenide.ex.ElementNotFound">Element not found {#firstName}
Expected: editable
Screenshot: file:/C:/Users/user/IdeaProjects/homework/build/reports/tests/1771335525970.0.png
Page source: file:/C:/Users/user/IdeaProjects/homework/build/reports/tests/1771335525970.0.html
Timeout: 4s
Caused by: NoSuchElementException: no such element: Unable to locate element: {&quot;method&quot;:&quot;css selector&quot;,&quot;selector&quot;:&quot;#firstName&quot;}
	at app//com.codeborne.selenide.impl.WebElementSource.createElementNotFoundError(WebElementSource.java:89)
	at app//com.codeborne.selenide.impl.ElementFinder.createElementNotFoundError(ElementFinder.java:129)
	at app//com.codeborne.selenide.impl.WebElementSource.handleError(WebElementSource.java:140)
	at app//com.codeborne.selenide.impl.WebElementSource.checkConditionAndReturnElement(WebElementSource.java:123)
	at app//com.codeborne.selenide.impl.WebElementSource.findAndAssertElementIsEditable(WebElementSource.java:178)
	at app//com.codeborne.selenide.commands.SetValue.setValueForTextInput(SetValue.java:52)
	at app//com.codeborne.selenide.commands.SetValue.execute(SetValue.java:38)
	at app//com.codeborne.selenide.FluentCommand.execute(FluentCommand.java:27)
	at app//com.codeborne.selenide.FluentCommand.execute(FluentCommand.java:19)
	at app//com.codeborne.selenide.commands.Commands.execute(Commands.java:161)
	at app//com.codeborne.selenide.impl.SelenideElementProxy.dispatchAndRetry(SelenideElementProxy.java:138)
	at app//com.codeborne.selenide.impl.SelenideElementProxy.invoke(SelenideElementProxy.java:90)
	at app/jdk.proxy3/jdk.proxy3.$Proxy14.setValue(Unknown Source)
	at app//test_one.successfulFillFormTest(test_one.java:18)
	at java.base@17.0.12/java.lang.reflect.Method.invoke(Method.java:568)
	at java.base@17.0.12/java.util.ArrayList.forEach(ArrayList.java:1511)
	at java.base@17.0.12/java.util.ArrayList.forEach(ArrayList.java:1511)
Caused by: org.openqa.selenium.NoSuchElementException: no such element: Unable to locate element: {&quot;method&quot;:&quot;css selector&quot;,&quot;selector&quot;:&quot;#firstName&quot;}
  (Session info: chrome=145.0.7632.75)
For documentation on this error, please visit: https://www.selenium.dev/documentation/webdriver/troubleshooting/errors#nosuchelementexception
Build info: version: '4.40.0', revision: 'b3333f1'
System info: os.name: 'Windows 10', os.arch: 'amd64', os.version: '10.0', java.version: '17.0.12'
Driver info: org.openqa.selenium.chrome.ChromeDriver
Command: [fdb3fe5f184f5f5f7fea38062d528488, findElement {value=#firstName, using=css selector}]
Capabilities {acceptInsecureCerts: true, browserName: chrome, browserVersion: 145.0.7632.75, chrome: {chromedriverVersion: 145.0.7632.76 (ee36f024f43a..., userDataDir: C:\Windows\SystemTemp\scope...}, fedcm:accounts: true, goog:chromeOptions: {debuggerAddress: localhost:54757}, goog:processID: 9488, networkConnectionEnabled: false, pageLoadStrategy: eager, platformName: windows, proxy: Proxy(), se:cdp: ws://localhost:54757/devtoo..., se:cdpVersion: 145.0.7632.75, setWindowRect: true, strictFileInteractability: false, timeouts: {implicit: 0, pageLoad: 300000, script: 30000}, unhandledPromptBehavior: accept, webauthn:extension:credBlob: true, webauthn:extension:largeBlob: true, webauthn:extension:minPinLength: true, webauthn:extension:prf: true, webauthn:virtualAuthenticators: true}
Session ID: fdb3fe5f184f5f5f7fea38062d528488
	at app//org.openqa.selenium.remote.ErrorCodec.decode(ErrorCodec.java:169)
	at app//org.openqa.selenium.remote.codec.w3c.W3CHttpResponseCodec.decode(W3CHttpResponseCodec.java:142)
	at app//org.openqa.selenium.remote.codec.w3c.W3CHttpResponseCodec.decode(W3CHttpResponseCodec.java:49)
	at app//org.openqa.selenium.remote.HttpCommandExecutor.execute(HttpCommandExecutor.java:223)
	at app//org.openqa.selenium.remote.service.DriverCommandExecutor.invokeExecute(DriverCommandExecutor.java:216)
	at app//org.openqa.selenium.remote.service.DriverCommandExecutor.execute(DriverCommandExecutor.java:174)
	at app//org.openqa.selenium.remote.RemoteWebDriver.execute(RemoteWebDriver.java:601)
	at app//org.openqa.selenium.remote.ElementLocation$ElementFinder$2.findElement(ElementLocation.java:166)
	at app//org.openqa.selenium.remote.ElementLocation.findElement(ElementLocation.java:60)
	at app//org.openqa.selenium.remote.RemoteWebDriver.findElement(RemoteWebDriver.java:424)
	at app//org.openqa.selenium.remote.RemoteWebDriver.findElement(RemoteWebDriver.java:418)
	at app//com.codeborne.selenide.impl.WebElementSelector.findElement(WebElementSelector.java:67)
	at app//com.codeborne.selenide.impl.WebElementSelector.findElement(WebElementSelector.java:38)
	at app//com.codeborne.selenide.impl.WebElementSelector.findElement(WebElementSelector.java:29)
	at app//com.codeborne.selenide.impl.ElementFinder.getWebElement(ElementFinder.java:113)
	at app//com.codeborne.selenide.impl.WebElementSource.checkConditionAndReturnElement(WebElementSource.java:112)
	... 13 more
</failure>
  </testcase>
  <system-out><![CDATA[]]></system-out>
  <system-err><![CDATA[SLF4J(W): No SLF4J providers were found.
SLF4J(W): Defaulting to no-operation (NOP) logger implementation
SLF4J(W): See https://www.slf4j.org/codes.html#noProviders for further details.
февр. 17, 2026 4:38:38 PM org.openqa.selenium.devtools.CdpVersionFinder findNearestMatch
WARNING: Unable to find an exact match for CDP version 145, returning the closest version; found: 144; Please update to a Selenium version that supports CDP version 145
]]></system-err>
</testsuite>
