<?xml version="1.0" encoding="UTF-8"?>
<testsuite name="test.Lessons4" tests="2" skipped="0" failures="0" errors="0" timestamp="2026-03-04T10:19:22.244Z" hostname="WIN-ITVORVR452R" time="8.089">
  <properties/>
  <testcase name="checkPracticeFormTest()" classname="test.Lessons4" time="4.54"/>
  <testcase name="successfulFillFormTest()" classname="test.Lessons4" time="3.548"/>
  <system-out><![CDATA[]]></system-out>
  <system-err><![CDATA[SLF4J(W): No SLF4J providers were found.
SLF4J(W): Defaulting to no-operation (NOP) logger implementation
SLF4J(W): See https://www.slf4j.org/codes.html#noProviders for further details.
мар. 04, 2026 1:19:24 PM org.openqa.selenium.devtools.CdpVersionFinder findNearestMatch
WARNING: Unable to find an exact match for CDP version 145, returning the closest version; found: 144; Please update to a Selenium version that supports CDP version 145
]]></system-err>
</testsuite>
