<?xml version="1.0" encoding="UTF-8"?>
<testsuite name="test.TestOne" tests="1" skipped="0" failures="0" errors="0" timestamp="2026-02-28T18:55:49.641Z" hostname="WIN-ITVORVR452R" time="5.773">
  <properties/>
  <testcase name="successfulFillFormTest()" classname="test.TestOne" time="5.773"/>
  <system-out><![CDATA[]]></system-out>
  <system-err><![CDATA[SLF4J(W): No SLF4J providers were found.
SLF4J(W): Defaulting to no-operation (NOP) logger implementation
SLF4J(W): See https://www.slf4j.org/codes.html#noProviders for further details.
февр. 28, 2026 9:55:51 PM org.openqa.selenium.devtools.CdpVersionFinder findNearestMatch
WARNING: Unable to find an exact match for CDP version 145, returning the closest version; found: 144; Please update to a Selenium version that supports CDP version 145
]]></system-err>
</testsuite>
